{"level":"info","time":"2021/01/03 - 18:29:25","message":"register table success"}
{"level":"info","time":"2021/01/03 - 18:29:25","message":"use middleware logger"}
{"level":"info","time":"2021/01/03 - 18:29:25","message":"register swagger handler"}
{"level":"info","time":"2021/01/03 - 18:29:25","message":"router register success"}
{"level":"info","time":"2021/01/03 - 18:29:25","message":"server run success on ","address":":8888"}
{"level":"info","time":"2021/01/03 - 18:36:27","message":"register table success"}
{"level":"info","time":"2021/01/03 - 18:36:27","message":"use middleware logger"}
{"level":"info","time":"2021/01/03 - 18:36:27","message":"register swagger handler"}
{"level":"info","time":"2021/01/03 - 18:36:27","message":"router register success"}
{"level":"info","time":"2021/01/03 - 18:36:27","message":"server run success on ","address":":8888"}
{"level":"info","time":"2021/01/03 - 18:38:56","message":"register table success"}
{"level":"info","time":"2021/01/03 - 18:38:56","message":"use middleware logger"}
{"level":"info","time":"2021/01/03 - 18:38:56","message":"register swagger handler"}
{"level":"info","time":"2021/01/03 - 18:38:56","message":"router register success"}
{"level":"info","time":"2021/01/03 - 18:38:56","message":"server run success on ","address":":8888"}
{"level":"\u001b[34minfo\u001b[0m","time":"[SPS-DEV]2021/01/03 - 18:41:02","caller":"E:/goProject/sps-template-server/initialize/gorm.go:26","message":"register table success"}
{"level":"\u001b[34minfo\u001b[0m","time":"[SPS-DEV]2021/01/03 - 18:41:02","caller":"E:/goProject/sps-template-server/initialize/router.go:14","message":"use middleware logger"}
{"level":"\u001b[34minfo\u001b[0m","time":"[SPS-DEV]2021/01/03 - 18:41:02","caller":"E:/goProject/sps-template-server/initialize/router.go:17","message":"register swagger handler"}
{"level":"\u001b[34minfo\u001b[0m","time":"[SPS-DEV]2021/01/03 - 18:41:02","caller":"E:/goProject/sps-template-server/initialize/router.go:26","message":"router register success"}
{"level":"\u001b[34minfo\u001b[0m","time":"[SPS-DEV]2021/01/03 - 18:41:02","caller":"E:/goProject/sps-template-server/core/server.go:25","message":"server run success on ","address":":8888"}
